{
  "RSpec": {
    "coverage": {
      "/Users/noahdurbin/Documents/turing/mod4/teahouse/app/models/customer.rb": {
        "lines": [
          1,
          1,
          1,
          1,
          1,
          null,
          1,
          1,
          null
        ]
      },
      "/Users/noahdurbin/Documents/turing/mod4/teahouse/app/models/application_record.rb": {
        "lines": [
          1,
          1,
          null
        ]
      },
      "/Users/noahdurbin/Documents/turing/mod4/teahouse/spec/models/subscription_spec.rb": {
        "lines": [
          1,
          null,
          1,
          1,
          2,
          2,
          2,
          2,
          2,
          null,
          null,
          1,
          2,
          2,
          null,
          null
        ]
      },
      "/Users/noahdurbin/Documents/turing/mod4/teahouse/app/models/subscription.rb": {
        "lines": [
          1,
          1,
          null,
          1,
          1,
          null,
          1,
          null,
          null,
          null,
          1,
          1,
          null,
          1,
          null,
          1,
          8,
          null,
          1,
          1,
          1,
          null,
          null,
          1,
          8,
          null,
          1,
          1,
          null,
          null
        ]
      },
      "/Users/noahdurbin/Documents/turing/mod4/teahouse/spec/models/tea_spec.rb": {
        "lines": [
          1,
          null,
          1,
          1,
          2,
          2,
          2,
          2,
          2,
          null,
          null,
          1,
          2,
          2,
          null,
          null
        ]
      },
      "/Users/noahdurbin/Documents/turing/mod4/teahouse/app/models/tea.rb": {
        "lines": [
          1,
          1,
          1,
          1,
          1,
          1,
          null,
          1,
          1,
          null
        ]
      },
      "/Users/noahdurbin/Documents/turing/mod4/teahouse/spec/requests/api/v1/subscriptions_spec.rb": {
        "lines": [
          1,
          null,
          1,
          1,
          1,
          1,
          1,
          null,
          1,
          null,
          1,
          null,
          1,
          1,
          1,
          null,
          1,
          1,
          null,
          null,
          1,
          null,
          1,
          1,
          null,
          1,
          null,
          1,
          null,
          1,
          null,
          null,
          null
        ]
      },
      "/Users/noahdurbin/Documents/turing/mod4/teahouse/app/controllers/api/v1/subscriptions_controller.rb": {
        "lines": [
          1,
          1,
          1,
          null,
          null,
          1,
          1,
          null,
          0,
          null,
          null,
          null,
          1,
          null,
          1,
          2,
          null,
          null
        ]
      },
      "/Users/noahdurbin/Documents/turing/mod4/teahouse/app/controllers/application_controller.rb": {
        "lines": [
          1,
          null
        ]
      },
      "/Users/noahdurbin/Documents/turing/mod4/teahouse/app/serializers/subscription_serializer.rb": {
        "lines": [
          1,
          1,
          null,
          1,
          null
        ]
      }
    },
    "timestamp": 1723846132
  }
}
